[2022-11-17 14:31:33.615] [INFO ] [restartedMain] com.shop.ShopApplication Starting ShopApplication using Java 11.0.15 on DESKTOP-RRUUPU9 with PID 38272 (D:\김도연\Java\Spring Boot\shop\target\classes started by user1 in D:\김도연\Java\Spring Boot\shop)
[2022-11-17 14:31:33.617] [INFO ] [restartedMain] com.shop.ShopApplication No active profile set, falling back to 1 default profile: "default"
[2022-11-17 14:31:33.664] [INFO ] [restartedMain] org.springframework.boot.devtools.env.DevToolsPropertyDefaultsPostProcessor Devtools property defaults active! Set 'spring.devtools.add-properties' to 'false' to disable
[2022-11-17 14:31:33.664] [INFO ] [restartedMain] org.springframework.boot.devtools.env.DevToolsPropertyDefaultsPostProcessor For additional web related logging consider setting the 'logging.level.web' property to 'DEBUG'
[2022-11-17 14:31:34.201] [INFO ] [restartedMain] org.springframework.data.repository.config.RepositoryConfigurationDelegate Bootstrapping Spring Data JPA repositories in DEFAULT mode.
[2022-11-17 14:31:34.251] [INFO ] [restartedMain] org.springframework.data.repository.config.RepositoryConfigurationDelegate Finished Spring Data repository scanning in 39 ms. Found 1 JPA repository interfaces.
[2022-11-17 14:31:34.964] [INFO ] [restartedMain] org.springframework.boot.web.embedded.tomcat.TomcatWebServer Tomcat initialized with port(s): 8211 (http)
[2022-11-17 14:31:34.977] [INFO ] [restartedMain] org.apache.coyote.http11.Http11NioProtocol Initializing ProtocolHandler ["http-nio-8211"]
[2022-11-17 14:31:34.978] [INFO ] [restartedMain] org.apache.catalina.core.StandardService Starting service [Tomcat]
[2022-11-17 14:31:34.978] [INFO ] [restartedMain] org.apache.catalina.core.StandardEngine Starting Servlet engine: [Apache Tomcat/9.0.68]
[2022-11-17 14:31:35.086] [INFO ] [restartedMain] org.apache.catalina.core.ContainerBase.[Tomcat].[localhost].[/] Initializing Spring embedded WebApplicationContext
[2022-11-17 14:31:35.086] [INFO ] [restartedMain] org.springframework.boot.web.servlet.context.ServletWebServerApplicationContext Root WebApplicationContext: initialization completed in 1421 ms
[2022-11-17 14:31:35.119] [INFO ] [restartedMain] com.zaxxer.hikari.HikariDataSource HikariPool-1 - Starting...
[2022-11-17 14:31:35.436] [INFO ] [restartedMain] com.zaxxer.hikari.HikariDataSource HikariPool-1 - Start completed.
[2022-11-17 14:31:35.446] [INFO ] [restartedMain] org.springframework.boot.autoconfigure.h2.H2ConsoleAutoConfiguration H2 console available at '/h2-console'. Database available at 'jdbc:mysql://localhost:3306/kh_shop_db?userUnicode=true&characterEncoding=UTF-8&serverTimezone=Asia/Seoul'
[2022-11-17 14:31:35.614] [INFO ] [restartedMain] org.hibernate.jpa.internal.util.LogHelper HHH000204: Processing PersistenceUnitInfo [name: default]
[2022-11-17 14:31:35.671] [INFO ] [restartedMain] org.hibernate.Version HHH000412: Hibernate ORM core version 5.6.12.Final
[2022-11-17 14:31:35.841] [INFO ] [restartedMain] org.hibernate.annotations.common.Version HCANN000001: Hibernate Commons Annotations {5.1.2.Final}
[2022-11-17 14:31:35.956] [INFO ] [restartedMain] org.hibernate.dialect.Dialect HHH000400: Using dialect: org.hibernate.dialect.MySQL8Dialect
[2022-11-17 14:31:37.394] [INFO ] [restartedMain] org.hibernate.engine.transaction.jta.platform.internal.JtaPlatformInitiator HHH000490: Using JtaPlatform implementation: [org.hibernate.engine.transaction.jta.platform.internal.NoJtaPlatform]
[2022-11-17 14:31:37.402] [INFO ] [restartedMain] org.springframework.orm.jpa.LocalContainerEntityManagerFactoryBean Initialized JPA EntityManagerFactory for persistence unit 'default'
[2022-11-17 14:31:37.446] [WARN ] [restartedMain] org.springframework.boot.autoconfigure.orm.jpa.JpaBaseConfiguration$JpaWebConfiguration spring.jpa.open-in-view is enabled by default. Therefore, database queries may be performed during view rendering. Explicitly configure spring.jpa.open-in-view to disable this warning
[2022-11-17 14:31:37.703] [WARN ] [restartedMain] org.springframework.boot.autoconfigure.thymeleaf.ThymeleafAutoConfiguration$DefaultTemplateResolverConfiguration Cannot find template location: classpath:/templates/ (please add some templates, check your Thymeleaf configuration, or set spring.thymeleaf.check-template-location=false)
[2022-11-17 14:31:37.993] [INFO ] [restartedMain] org.springframework.boot.devtools.autoconfigure.OptionalLiveReloadServer LiveReload server is running on port 35729
[2022-11-17 14:31:38.004] [INFO ] [restartedMain] org.apache.coyote.http11.Http11NioProtocol Starting ProtocolHandler ["http-nio-8211"]
[2022-11-17 14:31:38.023] [INFO ] [restartedMain] org.springframework.boot.web.embedded.tomcat.TomcatWebServer Tomcat started on port(s): 8211 (http) with context path ''
[2022-11-17 14:31:38.032] [INFO ] [restartedMain] com.shop.ShopApplication Started ShopApplication in 4.868 seconds (JVM running for 5.426)
[2022-11-17 14:32:00.654] [INFO ] [SpringApplicationShutdownHook] org.springframework.orm.jpa.LocalContainerEntityManagerFactoryBean Closing JPA EntityManagerFactory for persistence unit 'default'
[2022-11-17 14:32:00.657] [INFO ] [SpringApplicationShutdownHook] com.zaxxer.hikari.HikariDataSource HikariPool-1 - Shutdown initiated...
[2022-11-17 14:32:00.666] [INFO ] [SpringApplicationShutdownHook] com.zaxxer.hikari.HikariDataSource HikariPool-1 - Shutdown completed.
[2022-11-17 14:32:04.207] [INFO ] [restartedMain] com.shop.ShopApplication Starting ShopApplication using Java 11.0.15 on DESKTOP-RRUUPU9 with PID 39964 (D:\김도연\Java\Spring Boot\shop\target\classes started by user1 in D:\김도연\Java\Spring Boot\shop)
[2022-11-17 14:32:04.209] [INFO ] [restartedMain] com.shop.ShopApplication No active profile set, falling back to 1 default profile: "default"
[2022-11-17 14:32:04.258] [INFO ] [restartedMain] org.springframework.boot.devtools.env.DevToolsPropertyDefaultsPostProcessor Devtools property defaults active! Set 'spring.devtools.add-properties' to 'false' to disable
[2022-11-17 14:32:04.258] [INFO ] [restartedMain] org.springframework.boot.devtools.env.DevToolsPropertyDefaultsPostProcessor For additional web related logging consider setting the 'logging.level.web' property to 'DEBUG'
[2022-11-17 14:32:04.787] [INFO ] [restartedMain] org.springframework.data.repository.config.RepositoryConfigurationDelegate Bootstrapping Spring Data JPA repositories in DEFAULT mode.
[2022-11-17 14:32:04.828] [INFO ] [restartedMain] org.springframework.data.repository.config.RepositoryConfigurationDelegate Finished Spring Data repository scanning in 33 ms. Found 1 JPA repository interfaces.
[2022-11-17 14:32:05.469] [INFO ] [restartedMain] org.springframework.boot.web.embedded.tomcat.TomcatWebServer Tomcat initialized with port(s): 8211 (http)
[2022-11-17 14:32:05.478] [INFO ] [restartedMain] org.apache.coyote.http11.Http11NioProtocol Initializing ProtocolHandler ["http-nio-8211"]
[2022-11-17 14:32:05.479] [INFO ] [restartedMain] org.apache.catalina.core.StandardService Starting service [Tomcat]
[2022-11-17 14:32:05.479] [INFO ] [restartedMain] org.apache.catalina.core.StandardEngine Starting Servlet engine: [Apache Tomcat/9.0.68]
[2022-11-17 14:32:05.597] [INFO ] [restartedMain] org.apache.catalina.core.ContainerBase.[Tomcat].[localhost].[/] Initializing Spring embedded WebApplicationContext
[2022-11-17 14:32:05.597] [INFO ] [restartedMain] org.springframework.boot.web.servlet.context.ServletWebServerApplicationContext Root WebApplicationContext: initialization completed in 1337 ms
[2022-11-17 14:32:05.629] [INFO ] [restartedMain] com.zaxxer.hikari.HikariDataSource HikariPool-1 - Starting...
[2022-11-17 14:32:05.935] [INFO ] [restartedMain] com.zaxxer.hikari.HikariDataSource HikariPool-1 - Start completed.
[2022-11-17 14:32:05.944] [INFO ] [restartedMain] org.springframework.boot.autoconfigure.h2.H2ConsoleAutoConfiguration H2 console available at '/h2-console'. Database available at 'jdbc:mysql://localhost:3306/kh_shop_db?userUnicode=true&characterEncoding=UTF-8&serverTimezone=Asia/Seoul'
[2022-11-17 14:32:06.104] [INFO ] [restartedMain] org.hibernate.jpa.internal.util.LogHelper HHH000204: Processing PersistenceUnitInfo [name: default]
[2022-11-17 14:32:06.167] [INFO ] [restartedMain] org.hibernate.Version HHH000412: Hibernate ORM core version 5.6.12.Final
[2022-11-17 14:32:06.332] [INFO ] [restartedMain] org.hibernate.annotations.common.Version HCANN000001: Hibernate Commons Annotations {5.1.2.Final}
[2022-11-17 14:32:06.453] [INFO ] [restartedMain] org.hibernate.dialect.Dialect HHH000400: Using dialect: org.hibernate.dialect.MySQL8Dialect
[2022-11-17 14:32:07.308] [INFO ] [restartedMain] org.hibernate.engine.transaction.jta.platform.internal.JtaPlatformInitiator HHH000490: Using JtaPlatform implementation: [org.hibernate.engine.transaction.jta.platform.internal.NoJtaPlatform]
[2022-11-17 14:32:07.316] [INFO ] [restartedMain] org.springframework.orm.jpa.LocalContainerEntityManagerFactoryBean Initialized JPA EntityManagerFactory for persistence unit 'default'
[2022-11-17 14:32:07.361] [WARN ] [restartedMain] org.springframework.boot.autoconfigure.orm.jpa.JpaBaseConfiguration$JpaWebConfiguration spring.jpa.open-in-view is enabled by default. Therefore, database queries may be performed during view rendering. Explicitly configure spring.jpa.open-in-view to disable this warning
[2022-11-17 14:32:07.622] [WARN ] [restartedMain] org.springframework.boot.autoconfigure.thymeleaf.ThymeleafAutoConfiguration$DefaultTemplateResolverConfiguration Cannot find template location: classpath:/templates/ (please add some templates, check your Thymeleaf configuration, or set spring.thymeleaf.check-template-location=false)
[2022-11-17 14:32:07.910] [INFO ] [restartedMain] org.springframework.boot.devtools.autoconfigure.OptionalLiveReloadServer LiveReload server is running on port 35729
[2022-11-17 14:32:07.920] [INFO ] [restartedMain] org.apache.coyote.http11.Http11NioProtocol Starting ProtocolHandler ["http-nio-8211"]
[2022-11-17 14:32:07.940] [INFO ] [restartedMain] org.springframework.boot.web.embedded.tomcat.TomcatWebServer Tomcat started on port(s): 8211 (http) with context path ''
[2022-11-17 14:32:07.948] [INFO ] [restartedMain] com.shop.ShopApplication Started ShopApplication in 4.206 seconds (JVM running for 4.756)
[2022-11-17 14:32:22.324] [INFO ] [SpringApplicationShutdownHook] org.springframework.orm.jpa.LocalContainerEntityManagerFactoryBean Closing JPA EntityManagerFactory for persistence unit 'default'
[2022-11-17 14:32:22.326] [INFO ] [SpringApplicationShutdownHook] com.zaxxer.hikari.HikariDataSource HikariPool-1 - Shutdown initiated...
[2022-11-17 14:32:22.336] [INFO ] [SpringApplicationShutdownHook] com.zaxxer.hikari.HikariDataSource HikariPool-1 - Shutdown completed.
[2022-11-17 14:32:25.777] [INFO ] [restartedMain] com.shop.ShopApplication Starting ShopApplication using Java 11.0.15 on DESKTOP-RRUUPU9 with PID 37976 (D:\김도연\Java\Spring Boot\shop\target\classes started by user1 in D:\김도연\Java\Spring Boot\shop)
[2022-11-17 14:32:25.778] [INFO ] [restartedMain] com.shop.ShopApplication No active profile set, falling back to 1 default profile: "default"
[2022-11-17 14:32:25.821] [INFO ] [restartedMain] org.springframework.boot.devtools.env.DevToolsPropertyDefaultsPostProcessor Devtools property defaults active! Set 'spring.devtools.add-properties' to 'false' to disable
[2022-11-17 14:32:25.822] [INFO ] [restartedMain] org.springframework.boot.devtools.env.DevToolsPropertyDefaultsPostProcessor For additional web related logging consider setting the 'logging.level.web' property to 'DEBUG'
[2022-11-17 14:32:26.382] [INFO ] [restartedMain] org.springframework.data.repository.config.RepositoryConfigurationDelegate Bootstrapping Spring Data JPA repositories in DEFAULT mode.
[2022-11-17 14:32:26.426] [INFO ] [restartedMain] org.springframework.data.repository.config.RepositoryConfigurationDelegate Finished Spring Data repository scanning in 35 ms. Found 1 JPA repository interfaces.
[2022-11-17 14:32:27.093] [INFO ] [restartedMain] org.springframework.boot.web.embedded.tomcat.TomcatWebServer Tomcat initialized with port(s): 8211 (http)
[2022-11-17 14:32:27.106] [INFO ] [restartedMain] org.apache.coyote.http11.Http11NioProtocol Initializing ProtocolHandler ["http-nio-8211"]
[2022-11-17 14:32:27.107] [INFO ] [restartedMain] org.apache.catalina.core.StandardService Starting service [Tomcat]
[2022-11-17 14:32:27.107] [INFO ] [restartedMain] org.apache.catalina.core.StandardEngine Starting Servlet engine: [Apache Tomcat/9.0.68]
[2022-11-17 14:32:27.211] [INFO ] [restartedMain] org.apache.catalina.core.ContainerBase.[Tomcat].[localhost].[/] Initializing Spring embedded WebApplicationContext
[2022-11-17 14:32:27.212] [INFO ] [restartedMain] org.springframework.boot.web.servlet.context.ServletWebServerApplicationContext Root WebApplicationContext: initialization completed in 1390 ms
[2022-11-17 14:32:27.243] [INFO ] [restartedMain] com.zaxxer.hikari.HikariDataSource HikariPool-1 - Starting...
[2022-11-17 14:32:27.532] [INFO ] [restartedMain] com.zaxxer.hikari.HikariDataSource HikariPool-1 - Start completed.
[2022-11-17 14:32:27.542] [INFO ] [restartedMain] org.springframework.boot.autoconfigure.h2.H2ConsoleAutoConfiguration H2 console available at '/h2-console'. Database available at 'jdbc:mysql://localhost:3306/kh_shop_db?userUnicode=true&characterEncoding=UTF-8&serverTimezone=Asia/Seoul'
[2022-11-17 14:32:27.697] [INFO ] [restartedMain] org.hibernate.jpa.internal.util.LogHelper HHH000204: Processing PersistenceUnitInfo [name: default]
[2022-11-17 14:32:27.754] [INFO ] [restartedMain] org.hibernate.Version HHH000412: Hibernate ORM core version 5.6.12.Final
[2022-11-17 14:32:27.923] [INFO ] [restartedMain] org.hibernate.annotations.common.Version HCANN000001: Hibernate Commons Annotations {5.1.2.Final}
[2022-11-17 14:32:28.041] [INFO ] [restartedMain] org.hibernate.dialect.Dialect HHH000400: Using dialect: org.hibernate.dialect.MySQL8Dialect
[2022-11-17 14:32:28.799] [INFO ] [restartedMain] org.hibernate.engine.transaction.jta.platform.internal.JtaPlatformInitiator HHH000490: Using JtaPlatform implementation: [org.hibernate.engine.transaction.jta.platform.internal.NoJtaPlatform]
[2022-11-17 14:32:28.807] [INFO ] [restartedMain] org.springframework.orm.jpa.LocalContainerEntityManagerFactoryBean Initialized JPA EntityManagerFactory for persistence unit 'default'
[2022-11-17 14:32:28.853] [WARN ] [restartedMain] org.springframework.boot.autoconfigure.orm.jpa.JpaBaseConfiguration$JpaWebConfiguration spring.jpa.open-in-view is enabled by default. Therefore, database queries may be performed during view rendering. Explicitly configure spring.jpa.open-in-view to disable this warning
[2022-11-17 14:32:29.100] [WARN ] [restartedMain] org.springframework.boot.autoconfigure.thymeleaf.ThymeleafAutoConfiguration$DefaultTemplateResolverConfiguration Cannot find template location: classpath:/templates/ (please add some templates, check your Thymeleaf configuration, or set spring.thymeleaf.check-template-location=false)
[2022-11-17 14:32:29.385] [INFO ] [restartedMain] org.springframework.boot.devtools.autoconfigure.OptionalLiveReloadServer LiveReload server is running on port 35729
[2022-11-17 14:32:29.394] [INFO ] [restartedMain] org.apache.coyote.http11.Http11NioProtocol Starting ProtocolHandler ["http-nio-8211"]
[2022-11-17 14:32:29.414] [INFO ] [restartedMain] org.springframework.boot.web.embedded.tomcat.TomcatWebServer Tomcat started on port(s): 8211 (http) with context path ''
[2022-11-17 14:32:29.424] [INFO ] [restartedMain] com.shop.ShopApplication Started ShopApplication in 4.123 seconds (JVM running for 4.677)
[2022-11-17 14:33:13.481] [INFO ] [SpringApplicationShutdownHook] org.springframework.orm.jpa.LocalContainerEntityManagerFactoryBean Closing JPA EntityManagerFactory for persistence unit 'default'
[2022-11-17 14:33:13.484] [INFO ] [SpringApplicationShutdownHook] com.zaxxer.hikari.HikariDataSource HikariPool-1 - Shutdown initiated...
[2022-11-17 14:33:13.494] [INFO ] [SpringApplicationShutdownHook] com.zaxxer.hikari.HikariDataSource HikariPool-1 - Shutdown completed.
[2022-11-17 14:33:17.447] [INFO ] [restartedMain] com.shop.ShopApplication Starting ShopApplication using Java 11.0.15 on DESKTOP-RRUUPU9 with PID 25448 (D:\김도연\Java\Spring Boot\shop\target\classes started by user1 in D:\김도연\Java\Spring Boot\shop)
[2022-11-17 14:33:17.449] [INFO ] [restartedMain] com.shop.ShopApplication No active profile set, falling back to 1 default profile: "default"
[2022-11-17 14:33:17.494] [INFO ] [restartedMain] org.springframework.boot.devtools.env.DevToolsPropertyDefaultsPostProcessor Devtools property defaults active! Set 'spring.devtools.add-properties' to 'false' to disable
[2022-11-17 14:33:17.494] [INFO ] [restartedMain] org.springframework.boot.devtools.env.DevToolsPropertyDefaultsPostProcessor For additional web related logging consider setting the 'logging.level.web' property to 'DEBUG'
[2022-11-17 14:33:18.059] [INFO ] [restartedMain] org.springframework.data.repository.config.RepositoryConfigurationDelegate Bootstrapping Spring Data JPA repositories in DEFAULT mode.
[2022-11-17 14:33:18.103] [INFO ] [restartedMain] org.springframework.data.repository.config.RepositoryConfigurationDelegate Finished Spring Data repository scanning in 35 ms. Found 1 JPA repository interfaces.
[2022-11-17 14:33:18.771] [INFO ] [restartedMain] org.springframework.boot.web.embedded.tomcat.TomcatWebServer Tomcat initialized with port(s): 8211 (http)
[2022-11-17 14:33:18.785] [INFO ] [restartedMain] org.apache.coyote.http11.Http11NioProtocol Initializing ProtocolHandler ["http-nio-8211"]
[2022-11-17 14:33:18.786] [INFO ] [restartedMain] org.apache.catalina.core.StandardService Starting service [Tomcat]
[2022-11-17 14:33:18.786] [INFO ] [restartedMain] org.apache.catalina.core.StandardEngine Starting Servlet engine: [Apache Tomcat/9.0.68]
[2022-11-17 14:33:18.893] [INFO ] [restartedMain] org.apache.catalina.core.ContainerBase.[Tomcat].[localhost].[/] Initializing Spring embedded WebApplicationContext
[2022-11-17 14:33:18.893] [INFO ] [restartedMain] org.springframework.boot.web.servlet.context.ServletWebServerApplicationContext Root WebApplicationContext: initialization completed in 1398 ms
[2022-11-17 14:33:18.923] [INFO ] [restartedMain] com.zaxxer.hikari.HikariDataSource HikariPool-1 - Starting...
[2022-11-17 14:33:19.204] [INFO ] [restartedMain] com.zaxxer.hikari.HikariDataSource HikariPool-1 - Start completed.
[2022-11-17 14:33:19.213] [INFO ] [restartedMain] org.springframework.boot.autoconfigure.h2.H2ConsoleAutoConfiguration H2 console available at '/h2-console'. Database available at 'jdbc:mysql://localhost:3306/kh_shop_db?userUnicode=true&characterEncoding=UTF-8&serverTimezone=Asia/Seoul'
[2022-11-17 14:33:19.363] [INFO ] [restartedMain] org.hibernate.jpa.internal.util.LogHelper HHH000204: Processing PersistenceUnitInfo [name: default]
[2022-11-17 14:33:19.413] [INFO ] [restartedMain] org.hibernate.Version HHH000412: Hibernate ORM core version 5.6.12.Final
[2022-11-17 14:33:19.579] [INFO ] [restartedMain] org.hibernate.annotations.common.Version HCANN000001: Hibernate Commons Annotations {5.1.2.Final}
[2022-11-17 14:33:19.699] [INFO ] [restartedMain] org.hibernate.dialect.Dialect HHH000400: Using dialect: org.hibernate.dialect.MySQL8Dialect
[2022-11-17 14:33:20.460] [INFO ] [restartedMain] org.hibernate.engine.transaction.jta.platform.internal.JtaPlatformInitiator HHH000490: Using JtaPlatform implementation: [org.hibernate.engine.transaction.jta.platform.internal.NoJtaPlatform]
[2022-11-17 14:33:20.484] [INFO ] [restartedMain] org.springframework.orm.jpa.LocalContainerEntityManagerFactoryBean Initialized JPA EntityManagerFactory for persistence unit 'default'
[2022-11-17 14:33:20.540] [WARN ] [restartedMain] org.springframework.boot.autoconfigure.orm.jpa.JpaBaseConfiguration$JpaWebConfiguration spring.jpa.open-in-view is enabled by default. Therefore, database queries may be performed during view rendering. Explicitly configure spring.jpa.open-in-view to disable this warning
[2022-11-17 14:33:20.770] [WARN ] [restartedMain] org.springframework.boot.autoconfigure.thymeleaf.ThymeleafAutoConfiguration$DefaultTemplateResolverConfiguration Cannot find template location: classpath:/templates/ (please add some templates, check your Thymeleaf configuration, or set spring.thymeleaf.check-template-location=false)
[2022-11-17 14:33:21.040] [INFO ] [restartedMain] org.springframework.boot.devtools.autoconfigure.OptionalLiveReloadServer LiveReload server is running on port 35729
[2022-11-17 14:33:21.050] [INFO ] [restartedMain] org.apache.coyote.http11.Http11NioProtocol Starting ProtocolHandler ["http-nio-8211"]
[2022-11-17 14:33:21.068] [INFO ] [restartedMain] org.springframework.boot.web.embedded.tomcat.TomcatWebServer Tomcat started on port(s): 8211 (http) with context path ''
[2022-11-17 14:33:21.076] [INFO ] [restartedMain] com.shop.ShopApplication Started ShopApplication in 4.077 seconds (JVM running for 4.615)
[2022-11-17 14:38:21.299] [INFO ] [main] com.shop.repository.ItemRepositoryTest Starting ItemRepositoryTest using Java 11.0.15 on DESKTOP-RRUUPU9 with PID 43876 (started by user1 in D:\김도연\Java\Spring Boot\shop)
[2022-11-17 14:38:21.300] [INFO ] [main] com.shop.repository.ItemRepositoryTest No active profile set, falling back to 1 default profile: "default"
[2022-11-17 14:38:21.837] [INFO ] [main] org.springframework.data.repository.config.RepositoryConfigurationDelegate Bootstrapping Spring Data JPA repositories in DEFAULT mode.
[2022-11-17 14:38:21.875] [INFO ] [main] org.springframework.data.repository.config.RepositoryConfigurationDelegate Finished Spring Data repository scanning in 32 ms. Found 1 JPA repository interfaces.
[2022-11-17 14:38:22.387] [INFO ] [main] org.hibernate.jpa.internal.util.LogHelper HHH000204: Processing PersistenceUnitInfo [name: default]
[2022-11-17 14:38:22.432] [INFO ] [main] org.hibernate.Version HHH000412: Hibernate ORM core version 5.6.12.Final
[2022-11-17 14:38:22.572] [INFO ] [main] org.hibernate.annotations.common.Version HCANN000001: Hibernate Commons Annotations {5.1.2.Final}
[2022-11-17 14:38:22.753] [INFO ] [main] com.zaxxer.hikari.HikariDataSource HikariPool-1 - Starting...
[2022-11-17 14:38:23.062] [INFO ] [main] com.zaxxer.hikari.HikariDataSource HikariPool-1 - Start completed.
[2022-11-17 14:38:23.091] [INFO ] [main] org.hibernate.dialect.Dialect HHH000400: Using dialect: org.hibernate.dialect.MySQL8Dialect
[2022-11-17 14:38:24.773] [INFO ] [main] org.hibernate.engine.transaction.jta.platform.internal.JtaPlatformInitiator HHH000490: Using JtaPlatform implementation: [org.hibernate.engine.transaction.jta.platform.internal.NoJtaPlatform]
[2022-11-17 14:38:24.780] [INFO ] [main] org.springframework.orm.jpa.LocalContainerEntityManagerFactoryBean Initialized JPA EntityManagerFactory for persistence unit 'default'
[2022-11-17 14:38:24.989] [WARN ] [main] org.springframework.boot.autoconfigure.orm.jpa.JpaBaseConfiguration$JpaWebConfiguration spring.jpa.open-in-view is enabled by default. Therefore, database queries may be performed during view rendering. Explicitly configure spring.jpa.open-in-view to disable this warning
[2022-11-17 14:38:25.406] [WARN ] [main] org.springframework.boot.autoconfigure.thymeleaf.ThymeleafAutoConfiguration$DefaultTemplateResolverConfiguration Cannot find template location: classpath:/templates/ (please add some templates, check your Thymeleaf configuration, or set spring.thymeleaf.check-template-location=false)
[2022-11-17 14:38:25.754] [INFO ] [main] com.shop.repository.ItemRepositoryTest Started ItemRepositoryTest in 4.84 seconds (JVM running for 5.981)
[2022-11-17 14:38:26.124] [ERROR] [main] ItemRepositoryTest Item(id=1, itemNm=아메리카노, price=4500, stockNumberl=100, itemDetail=블랙커피 입니다., itemSellStatus=SELL, regTime=2022-11-17T14:38:25.940059100, updateTime=2022-11-17T14:38:25.940059100)
[2022-11-17 14:38:26.140] [INFO ] [SpringApplicationShutdownHook] org.springframework.orm.jpa.LocalContainerEntityManagerFactoryBean Closing JPA EntityManagerFactory for persistence unit 'default'
[2022-11-17 14:38:26.142] [INFO ] [SpringApplicationShutdownHook] com.zaxxer.hikari.HikariDataSource HikariPool-1 - Shutdown initiated...
[2022-11-17 14:38:26.152] [INFO ] [SpringApplicationShutdownHook] com.zaxxer.hikari.HikariDataSource HikariPool-1 - Shutdown completed.
[2022-11-17 14:57:50.613] [INFO ] [SpringApplicationShutdownHook] org.springframework.orm.jpa.LocalContainerEntityManagerFactoryBean Closing JPA EntityManagerFactory for persistence unit 'default'
[2022-11-17 14:57:50.616] [INFO ] [SpringApplicationShutdownHook] com.zaxxer.hikari.HikariDataSource HikariPool-1 - Shutdown initiated...
[2022-11-17 14:57:50.626] [INFO ] [SpringApplicationShutdownHook] com.zaxxer.hikari.HikariDataSource HikariPool-1 - Shutdown completed.
[2022-11-17 15:11:58.325] [INFO ] [main] com.shop.repository.ItemRepositoryTest Starting ItemRepositoryTest using Java 11.0.15 on DESKTOP-RRUUPU9 with PID 43036 (started by user1 in D:\김도연\Java\Spring Boot\shop)
[2022-11-17 15:11:58.326] [INFO ] [main] com.shop.repository.ItemRepositoryTest No active profile set, falling back to 1 default profile: "default"
[2022-11-17 15:11:58.924] [INFO ] [main] org.springframework.data.repository.config.RepositoryConfigurationDelegate Bootstrapping Spring Data JPA repositories in DEFAULT mode.
[2022-11-17 15:11:58.965] [INFO ] [main] org.springframework.data.repository.config.RepositoryConfigurationDelegate Finished Spring Data repository scanning in 35 ms. Found 1 JPA repository interfaces.
[2022-11-17 15:11:59.525] [INFO ] [main] org.hibernate.jpa.internal.util.LogHelper HHH000204: Processing PersistenceUnitInfo [name: default]
[2022-11-17 15:11:59.581] [INFO ] [main] org.hibernate.Version HHH000412: Hibernate ORM core version 5.6.12.Final
[2022-11-17 15:11:59.728] [INFO ] [main] org.hibernate.annotations.common.Version HCANN000001: Hibernate Commons Annotations {5.1.2.Final}
[2022-11-17 15:11:59.911] [INFO ] [main] com.zaxxer.hikari.HikariDataSource HikariPool-1 - Starting...
[2022-11-17 15:12:00.235] [INFO ] [main] com.zaxxer.hikari.HikariDataSource HikariPool-1 - Start completed.
[2022-11-17 15:12:00.265] [INFO ] [main] org.hibernate.dialect.Dialect HHH000400: Using dialect: org.hibernate.dialect.MySQL8Dialect
[2022-11-17 15:12:01.405] [INFO ] [main] org.hibernate.engine.transaction.jta.platform.internal.JtaPlatformInitiator HHH000490: Using JtaPlatform implementation: [org.hibernate.engine.transaction.jta.platform.internal.NoJtaPlatform]
[2022-11-17 15:12:01.417] [INFO ] [main] org.springframework.orm.jpa.LocalContainerEntityManagerFactoryBean Initialized JPA EntityManagerFactory for persistence unit 'default'
[2022-11-17 15:12:01.633] [WARN ] [main] org.springframework.boot.autoconfigure.orm.jpa.JpaBaseConfiguration$JpaWebConfiguration spring.jpa.open-in-view is enabled by default. Therefore, database queries may be performed during view rendering. Explicitly configure spring.jpa.open-in-view to disable this warning
[2022-11-17 15:12:02.017] [WARN ] [main] org.springframework.boot.autoconfigure.thymeleaf.ThymeleafAutoConfiguration$DefaultTemplateResolverConfiguration Cannot find template location: classpath:/templates/ (please add some templates, check your Thymeleaf configuration, or set spring.thymeleaf.check-template-location=false)
[2022-11-17 15:12:02.425] [INFO ] [main] com.shop.repository.ItemRepositoryTest Started ItemRepositoryTest in 4.708 seconds (JVM running for 5.885)
[2022-11-17 15:12:03.313] [WARN ] [main] com.shop.repository.ItemRepositoryTest Item(id=5, itemNm=아메리카노5, price=4500, stockNumberl=100, itemDetail=블랙커피 입니다.5, itemSellStatus=SELL, regTime=2022-11-17T15:12:02.844479, updateTime=2022-11-17T15:12:02.844479)
[2022-11-17 15:12:03.780] [INFO ] [SpringApplicationShutdownHook] org.springframework.orm.jpa.LocalContainerEntityManagerFactoryBean Closing JPA EntityManagerFactory for persistence unit 'default'
[2022-11-17 15:12:03.782] [INFO ] [SpringApplicationShutdownHook] com.zaxxer.hikari.HikariDataSource HikariPool-1 - Shutdown initiated...
[2022-11-17 15:12:03.794] [INFO ] [SpringApplicationShutdownHook] com.zaxxer.hikari.HikariDataSource HikariPool-1 - Shutdown completed.
[2022-11-17 15:12:49.148] [INFO ] [main] com.shop.repository.ItemRepositoryTest Starting ItemRepositoryTest using Java 11.0.15 on DESKTOP-RRUUPU9 with PID 11712 (started by user1 in D:\김도연\Java\Spring Boot\shop)
[2022-11-17 15:12:49.149] [INFO ] [main] com.shop.repository.ItemRepositoryTest No active profile set, falling back to 1 default profile: "default"
[2022-11-17 15:12:49.670] [INFO ] [main] org.springframework.data.repository.config.RepositoryConfigurationDelegate Bootstrapping Spring Data JPA repositories in DEFAULT mode.
[2022-11-17 15:12:49.709] [INFO ] [main] org.springframework.data.repository.config.RepositoryConfigurationDelegate Finished Spring Data repository scanning in 32 ms. Found 1 JPA repository interfaces.
[2022-11-17 15:12:50.185] [INFO ] [main] org.hibernate.jpa.internal.util.LogHelper HHH000204: Processing PersistenceUnitInfo [name: default]
[2022-11-17 15:12:50.231] [INFO ] [main] org.hibernate.Version HHH000412: Hibernate ORM core version 5.6.12.Final
[2022-11-17 15:12:50.371] [INFO ] [main] org.hibernate.annotations.common.Version HCANN000001: Hibernate Commons Annotations {5.1.2.Final}
[2022-11-17 15:12:50.551] [INFO ] [main] com.zaxxer.hikari.HikariDataSource HikariPool-1 - Starting...
[2022-11-17 15:12:50.852] [INFO ] [main] com.zaxxer.hikari.HikariDataSource HikariPool-1 - Start completed.
[2022-11-17 15:12:50.883] [INFO ] [main] org.hibernate.dialect.Dialect HHH000400: Using dialect: org.hibernate.dialect.MySQL8Dialect
[2022-11-17 15:12:51.718] [INFO ] [main] org.hibernate.engine.transaction.jta.platform.internal.JtaPlatformInitiator HHH000490: Using JtaPlatform implementation: [org.hibernate.engine.transaction.jta.platform.internal.NoJtaPlatform]
[2022-11-17 15:12:51.734] [INFO ] [main] org.springframework.orm.jpa.LocalContainerEntityManagerFactoryBean Initialized JPA EntityManagerFactory for persistence unit 'default'
[2022-11-17 15:12:51.950] [WARN ] [main] org.springframework.boot.autoconfigure.orm.jpa.JpaBaseConfiguration$JpaWebConfiguration spring.jpa.open-in-view is enabled by default. Therefore, database queries may be performed during view rendering. Explicitly configure spring.jpa.open-in-view to disable this warning
[2022-11-17 15:12:52.326] [WARN ] [main] org.springframework.boot.autoconfigure.thymeleaf.ThymeleafAutoConfiguration$DefaultTemplateResolverConfiguration Cannot find template location: classpath:/templates/ (please add some templates, check your Thymeleaf configuration, or set spring.thymeleaf.check-template-location=false)
[2022-11-17 15:12:52.743] [INFO ] [main] com.shop.repository.ItemRepositoryTest Started ItemRepositoryTest in 3.989 seconds (JVM running for 5.101)
[2022-11-17 15:12:54.133] [WARN ] [main] com.shop.repository.ItemRepositoryTest Item(id=5, itemNm=아메리카노5, price=4500, stockNumberl=100, itemDetail=블랙커피 입니다.5, itemSellStatus=SELL, regTime=2022-11-17T15:12:53.676622, updateTime=2022-11-17T15:12:53.676622)
[2022-11-17 15:12:54.641] [INFO ] [SpringApplicationShutdownHook] org.springframework.orm.jpa.LocalContainerEntityManagerFactoryBean Closing JPA EntityManagerFactory for persistence unit 'default'
[2022-11-17 15:12:54.648] [INFO ] [SpringApplicationShutdownHook] com.zaxxer.hikari.HikariDataSource HikariPool-1 - Shutdown initiated...
[2022-11-17 15:12:54.663] [INFO ] [SpringApplicationShutdownHook] com.zaxxer.hikari.HikariDataSource HikariPool-1 - Shutdown completed.
[2022-11-17 15:13:41.358] [INFO ] [main] com.shop.repository.ItemRepositoryTest Starting ItemRepositoryTest using Java 11.0.15 on DESKTOP-RRUUPU9 with PID 45652 (started by user1 in D:\김도연\Java\Spring Boot\shop)
[2022-11-17 15:13:41.359] [INFO ] [main] com.shop.repository.ItemRepositoryTest No active profile set, falling back to 1 default profile: "default"
[2022-11-17 15:13:41.882] [INFO ] [main] org.springframework.data.repository.config.RepositoryConfigurationDelegate Bootstrapping Spring Data JPA repositories in DEFAULT mode.
[2022-11-17 15:13:41.922] [INFO ] [main] org.springframework.data.repository.config.RepositoryConfigurationDelegate Finished Spring Data repository scanning in 33 ms. Found 1 JPA repository interfaces.
[2022-11-17 15:13:42.413] [INFO ] [main] org.hibernate.jpa.internal.util.LogHelper HHH000204: Processing PersistenceUnitInfo [name: default]
[2022-11-17 15:13:42.458] [INFO ] [main] org.hibernate.Version HHH000412: Hibernate ORM core version 5.6.12.Final
[2022-11-17 15:13:42.603] [INFO ] [main] org.hibernate.annotations.common.Version HCANN000001: Hibernate Commons Annotations {5.1.2.Final}
[2022-11-17 15:13:42.785] [INFO ] [main] com.zaxxer.hikari.HikariDataSource HikariPool-1 - Starting...
[2022-11-17 15:13:43.112] [INFO ] [main] com.zaxxer.hikari.HikariDataSource HikariPool-1 - Start completed.
[2022-11-17 15:13:43.140] [INFO ] [main] org.hibernate.dialect.Dialect HHH000400: Using dialect: org.hibernate.dialect.MySQL8Dialect
[2022-11-17 15:13:44.673] [INFO ] [main] org.hibernate.engine.transaction.jta.platform.internal.JtaPlatformInitiator HHH000490: Using JtaPlatform implementation: [org.hibernate.engine.transaction.jta.platform.internal.NoJtaPlatform]
[2022-11-17 15:13:44.681] [INFO ] [main] org.springframework.orm.jpa.LocalContainerEntityManagerFactoryBean Initialized JPA EntityManagerFactory for persistence unit 'default'
[2022-11-17 15:13:44.885] [WARN ] [main] org.springframework.boot.autoconfigure.orm.jpa.JpaBaseConfiguration$JpaWebConfiguration spring.jpa.open-in-view is enabled by default. Therefore, database queries may be performed during view rendering. Explicitly configure spring.jpa.open-in-view to disable this warning
[2022-11-17 15:13:45.285] [WARN ] [main] org.springframework.boot.autoconfigure.thymeleaf.ThymeleafAutoConfiguration$DefaultTemplateResolverConfiguration Cannot find template location: classpath:/templates/ (please add some templates, check your Thymeleaf configuration, or set spring.thymeleaf.check-template-location=false)
[2022-11-17 15:13:45.710] [INFO ] [main] com.shop.repository.ItemRepositoryTest Started ItemRepositoryTest in 4.729 seconds (JVM running for 5.797)
[2022-11-17 15:13:46.438] [WARN ] [main] com.shop.repository.ItemRepositoryTest Item(id=5, itemNm=아메리카노5, price=4500, stockNumberl=100, itemDetail=블랙커피 입니다.5, itemSellStatus=SELL, regTime=2022-11-17T15:13:46.063201, updateTime=2022-11-17T15:13:46.063201)
[2022-11-17 15:13:46.454] [INFO ] [SpringApplicationShutdownHook] org.springframework.orm.jpa.LocalContainerEntityManagerFactoryBean Closing JPA EntityManagerFactory for persistence unit 'default'
[2022-11-17 15:13:46.456] [INFO ] [SpringApplicationShutdownHook] com.zaxxer.hikari.HikariDataSource HikariPool-1 - Shutdown initiated...
[2022-11-17 15:13:46.474] [INFO ] [SpringApplicationShutdownHook] com.zaxxer.hikari.HikariDataSource HikariPool-1 - Shutdown completed.
[2022-11-17 15:15:00.560] [INFO ] [main] com.shop.repository.ItemRepositoryTest Starting ItemRepositoryTest using Java 11.0.15 on DESKTOP-RRUUPU9 with PID 14532 (started by user1 in D:\김도연\Java\Spring Boot\shop)
[2022-11-17 15:15:00.561] [INFO ] [main] com.shop.repository.ItemRepositoryTest No active profile set, falling back to 1 default profile: "default"
[2022-11-17 15:15:01.181] [INFO ] [main] org.springframework.data.repository.config.RepositoryConfigurationDelegate Bootstrapping Spring Data JPA repositories in DEFAULT mode.
[2022-11-17 15:15:01.228] [INFO ] [main] org.springframework.data.repository.config.RepositoryConfigurationDelegate Finished Spring Data repository scanning in 39 ms. Found 1 JPA repository interfaces.
[2022-11-17 15:15:01.764] [INFO ] [main] org.hibernate.jpa.internal.util.LogHelper HHH000204: Processing PersistenceUnitInfo [name: default]
[2022-11-17 15:15:01.813] [INFO ] [main] org.hibernate.Version HHH000412: Hibernate ORM core version 5.6.12.Final
[2022-11-17 15:15:01.976] [INFO ] [main] org.hibernate.annotations.common.Version HCANN000001: Hibernate Commons Annotations {5.1.2.Final}
[2022-11-17 15:15:02.181] [INFO ] [main] com.zaxxer.hikari.HikariDataSource HikariPool-1 - Starting...
[2022-11-17 15:15:02.504] [INFO ] [main] com.zaxxer.hikari.HikariDataSource HikariPool-1 - Start completed.
[2022-11-17 15:15:02.543] [INFO ] [main] org.hibernate.dialect.Dialect HHH000400: Using dialect: org.hibernate.dialect.MySQL8Dialect
[2022-11-17 15:15:03.348] [INFO ] [main] org.hibernate.engine.transaction.jta.platform.internal.JtaPlatformInitiator HHH000490: Using JtaPlatform implementation: [org.hibernate.engine.transaction.jta.platform.internal.NoJtaPlatform]
[2022-11-17 15:15:03.356] [INFO ] [main] org.springframework.orm.jpa.LocalContainerEntityManagerFactoryBean Initialized JPA EntityManagerFactory for persistence unit 'default'
[2022-11-17 15:15:03.587] [WARN ] [main] org.springframework.boot.autoconfigure.orm.jpa.JpaBaseConfiguration$JpaWebConfiguration spring.jpa.open-in-view is enabled by default. Therefore, database queries may be performed during view rendering. Explicitly configure spring.jpa.open-in-view to disable this warning
[2022-11-17 15:15:03.974] [WARN ] [main] org.springframework.boot.autoconfigure.thymeleaf.ThymeleafAutoConfiguration$DefaultTemplateResolverConfiguration Cannot find template location: classpath:/templates/ (please add some templates, check your Thymeleaf configuration, or set spring.thymeleaf.check-template-location=false)
[2022-11-17 15:15:04.393] [INFO ] [main] com.shop.repository.ItemRepositoryTest Started ItemRepositoryTest in 4.216 seconds (JVM running for 5.263)
[2022-11-17 15:15:06.360] [INFO ] [SpringApplicationShutdownHook] org.springframework.orm.jpa.LocalContainerEntityManagerFactoryBean Closing JPA EntityManagerFactory for persistence unit 'default'
[2022-11-17 15:15:06.363] [INFO ] [SpringApplicationShutdownHook] com.zaxxer.hikari.HikariDataSource HikariPool-1 - Shutdown initiated...
[2022-11-17 15:15:06.373] [INFO ] [SpringApplicationShutdownHook] com.zaxxer.hikari.HikariDataSource HikariPool-1 - Shutdown completed.
[2022-11-17 15:15:19.337] [INFO ] [main] com.shop.repository.ItemRepositoryTest Starting ItemRepositoryTest using Java 11.0.15 on DESKTOP-RRUUPU9 with PID 45724 (started by user1 in D:\김도연\Java\Spring Boot\shop)
[2022-11-17 15:15:19.338] [INFO ] [main] com.shop.repository.ItemRepositoryTest No active profile set, falling back to 1 default profile: "default"
[2022-11-17 15:15:19.875] [INFO ] [main] org.springframework.data.repository.config.RepositoryConfigurationDelegate Bootstrapping Spring Data JPA repositories in DEFAULT mode.
[2022-11-17 15:15:19.916] [INFO ] [main] org.springframework.data.repository.config.RepositoryConfigurationDelegate Finished Spring Data repository scanning in 34 ms. Found 1 JPA repository interfaces.
[2022-11-17 15:15:20.395] [INFO ] [main] org.hibernate.jpa.internal.util.LogHelper HHH000204: Processing PersistenceUnitInfo [name: default]
[2022-11-17 15:15:20.442] [INFO ] [main] org.hibernate.Version HHH000412: Hibernate ORM core version 5.6.12.Final
[2022-11-17 15:15:20.608] [INFO ] [main] org.hibernate.annotations.common.Version HCANN000001: Hibernate Commons Annotations {5.1.2.Final}
[2022-11-17 15:15:20.793] [INFO ] [main] com.zaxxer.hikari.HikariDataSource HikariPool-1 - Starting...
[2022-11-17 15:15:21.107] [INFO ] [main] com.zaxxer.hikari.HikariDataSource HikariPool-1 - Start completed.
[2022-11-17 15:15:21.137] [INFO ] [main] org.hibernate.dialect.Dialect HHH000400: Using dialect: org.hibernate.dialect.MySQL8Dialect
[2022-11-17 15:15:22.164] [INFO ] [main] org.hibernate.engine.transaction.jta.platform.internal.JtaPlatformInitiator HHH000490: Using JtaPlatform implementation: [org.hibernate.engine.transaction.jta.platform.internal.NoJtaPlatform]
[2022-11-17 15:15:22.172] [INFO ] [main] org.springframework.orm.jpa.LocalContainerEntityManagerFactoryBean Initialized JPA EntityManagerFactory for persistence unit 'default'
[2022-11-17 15:15:22.414] [WARN ] [main] org.springframework.boot.autoconfigure.orm.jpa.JpaBaseConfiguration$JpaWebConfiguration spring.jpa.open-in-view is enabled by default. Therefore, database queries may be performed during view rendering. Explicitly configure spring.jpa.open-in-view to disable this warning
[2022-11-17 15:15:22.820] [WARN ] [main] org.springframework.boot.autoconfigure.thymeleaf.ThymeleafAutoConfiguration$DefaultTemplateResolverConfiguration Cannot find template location: classpath:/templates/ (please add some templates, check your Thymeleaf configuration, or set spring.thymeleaf.check-template-location=false)
[2022-11-17 15:15:23.257] [INFO ] [main] com.shop.repository.ItemRepositoryTest Started ItemRepositoryTest in 4.301 seconds (JVM running for 5.322)
[2022-11-17 15:15:24.169] [WARN ] [main] com.shop.repository.ItemRepositoryTest Item(id=10, itemNm=아메리카노10, price=4500, stockNumberl=100, itemDetail=블랙커피 입니다.10, itemSellStatus=SELL, regTime=2022-11-17T15:15:23.989062, updateTime=2022-11-17T15:15:23.989062)
[2022-11-17 15:15:24.195] [INFO ] [SpringApplicationShutdownHook] org.springframework.orm.jpa.LocalContainerEntityManagerFactoryBean Closing JPA EntityManagerFactory for persistence unit 'default'
[2022-11-17 15:15:24.197] [INFO ] [SpringApplicationShutdownHook] com.zaxxer.hikari.HikariDataSource HikariPool-1 - Shutdown initiated...
[2022-11-17 15:15:24.207] [INFO ] [SpringApplicationShutdownHook] com.zaxxer.hikari.HikariDataSource HikariPool-1 - Shutdown completed.
[2022-11-17 15:18:39.468] [INFO ] [main] com.shop.repository.ItemRepositoryTest Starting ItemRepositoryTest using Java 11.0.15 on DESKTOP-RRUUPU9 with PID 41668 (started by user1 in D:\김도연\Java\Spring Boot\shop)
[2022-11-17 15:18:39.469] [INFO ] [main] com.shop.repository.ItemRepositoryTest No active profile set, falling back to 1 default profile: "default"
[2022-11-17 15:18:40.055] [INFO ] [main] org.springframework.data.repository.config.RepositoryConfigurationDelegate Bootstrapping Spring Data JPA repositories in DEFAULT mode.
[2022-11-17 15:18:40.098] [INFO ] [main] org.springframework.data.repository.config.RepositoryConfigurationDelegate Finished Spring Data repository scanning in 35 ms. Found 1 JPA repository interfaces.
[2022-11-17 15:18:40.648] [INFO ] [main] org.hibernate.jpa.internal.util.LogHelper HHH000204: Processing PersistenceUnitInfo [name: default]
[2022-11-17 15:18:40.701] [INFO ] [main] org.hibernate.Version HHH000412: Hibernate ORM core version 5.6.12.Final
[2022-11-17 15:18:40.850] [INFO ] [main] org.hibernate.annotations.common.Version HCANN000001: Hibernate Commons Annotations {5.1.2.Final}
[2022-11-17 15:18:41.034] [INFO ] [main] com.zaxxer.hikari.HikariDataSource HikariPool-1 - Starting...
[2022-11-17 15:18:41.358] [INFO ] [main] com.zaxxer.hikari.HikariDataSource HikariPool-1 - Start completed.
[2022-11-17 15:18:41.388] [INFO ] [main] org.hibernate.dialect.Dialect HHH000400: Using dialect: org.hibernate.dialect.MySQL8Dialect
[2022-11-17 15:18:42.217] [INFO ] [main] org.hibernate.engine.transaction.jta.platform.internal.JtaPlatformInitiator HHH000490: Using JtaPlatform implementation: [org.hibernate.engine.transaction.jta.platform.internal.NoJtaPlatform]
[2022-11-17 15:18:42.237] [INFO ] [main] org.springframework.orm.jpa.LocalContainerEntityManagerFactoryBean Initialized JPA EntityManagerFactory for persistence unit 'default'
[2022-11-17 15:18:42.443] [WARN ] [main] org.springframework.boot.autoconfigure.orm.jpa.JpaBaseConfiguration$JpaWebConfiguration spring.jpa.open-in-view is enabled by default. Therefore, database queries may be performed during view rendering. Explicitly configure spring.jpa.open-in-view to disable this warning
[2022-11-17 15:18:42.824] [WARN ] [main] org.springframework.boot.autoconfigure.thymeleaf.ThymeleafAutoConfiguration$DefaultTemplateResolverConfiguration Cannot find template location: classpath:/templates/ (please add some templates, check your Thymeleaf configuration, or set spring.thymeleaf.check-template-location=false)
[2022-11-17 15:18:43.284] [INFO ] [main] com.shop.repository.ItemRepositoryTest Started ItemRepositoryTest in 4.213 seconds (JVM running for 5.296)
[2022-11-17 15:18:44.776] [WARN ] [main] com.shop.repository.ItemRepositoryTest Item(id=1, itemNm=아메리카노1, price=4500, stockNumberl=100, itemDetail=블랙커피 입니다.1, itemSellStatus=SELL, regTime=2022-11-17T15:18:43.397034, updateTime=2022-11-17T15:18:43.397034)
[2022-11-17 15:18:44.776] [WARN ] [main] com.shop.repository.ItemRepositoryTest Item(id=2, itemNm=아메리카노2, price=4500, stockNumberl=100, itemDetail=블랙커피 입니다.2, itemSellStatus=SELL, regTime=2022-11-17T15:18:43.762279, updateTime=2022-11-17T15:18:43.762279)
[2022-11-17 15:18:44.776] [WARN ] [main] com.shop.repository.ItemRepositoryTest Item(id=3, itemNm=아메리카노3, price=4500, stockNumberl=100, itemDetail=블랙커피 입니다.3, itemSellStatus=SELL, regTime=2022-11-17T15:18:43.890399, updateTime=2022-11-17T15:18:43.890399)
[2022-11-17 15:18:44.776] [WARN ] [main] com.shop.repository.ItemRepositoryTest Item(id=4, itemNm=아메리카노4, price=4500, stockNumberl=100, itemDetail=블랙커피 입니다.4, itemSellStatus=SELL, regTime=2022-11-17T15:18:44.105172, updateTime=2022-11-17T15:18:44.105172)
[2022-11-17 15:18:44.776] [WARN ] [main] com.shop.repository.ItemRepositoryTest Item(id=5, itemNm=아메리카노5, price=4500, stockNumberl=100, itemDetail=블랙커피 입니다.5, itemSellStatus=SELL, regTime=2022-11-17T15:18:44.283059, updateTime=2022-11-17T15:18:44.283059)
[2022-11-17 15:18:44.776] [WARN ] [main] com.shop.repository.ItemRepositoryTest Item(id=6, itemNm=아메리카노6, price=4500, stockNumberl=100, itemDetail=블랙커피 입니다.6, itemSellStatus=SELL, regTime=2022-11-17T15:18:44.366280, updateTime=2022-11-17T15:18:44.366280)
[2022-11-17 15:18:44.776] [WARN ] [main] com.shop.repository.ItemRepositoryTest Item(id=7, itemNm=아메리카노7, price=4500, stockNumberl=100, itemDetail=블랙커피 입니다.7, itemSellStatus=SELL, regTime=2022-11-17T15:18:44.462825, updateTime=2022-11-17T15:18:44.462825)
[2022-11-17 15:18:44.777] [WARN ] [main] com.shop.repository.ItemRepositoryTest Item(id=8, itemNm=아메리카노8, price=4500, stockNumberl=100, itemDetail=블랙커피 입니다.8, itemSellStatus=SELL, regTime=2022-11-17T15:18:44.505574, updateTime=2022-11-17T15:18:44.505574)
[2022-11-17 15:18:44.777] [WARN ] [main] com.shop.repository.ItemRepositoryTest Item(id=9, itemNm=아메리카노9, price=4500, stockNumberl=100, itemDetail=블랙커피 입니다.9, itemSellStatus=SELL, regTime=2022-11-17T15:18:44.553910, updateTime=2022-11-17T15:18:44.553910)
[2022-11-17 15:18:44.777] [WARN ] [main] com.shop.repository.ItemRepositoryTest Item(id=10, itemNm=아메리카노10, price=4500, stockNumberl=100, itemDetail=블랙커피 입니다.10, itemSellStatus=SELL, regTime=2022-11-17T15:18:44.595684, updateTime=2022-11-17T15:18:44.595684)
[2022-11-17 15:18:44.793] [INFO ] [SpringApplicationShutdownHook] org.springframework.orm.jpa.LocalContainerEntityManagerFactoryBean Closing JPA EntityManagerFactory for persistence unit 'default'
[2022-11-17 15:18:44.796] [INFO ] [SpringApplicationShutdownHook] com.zaxxer.hikari.HikariDataSource HikariPool-1 - Shutdown initiated...
[2022-11-17 15:18:44.806] [INFO ] [SpringApplicationShutdownHook] com.zaxxer.hikari.HikariDataSource HikariPool-1 - Shutdown completed.
[2022-11-17 15:28:14.355] [INFO ] [main] com.shop.repository.ItemRepositoryTest Starting ItemRepositoryTest using Java 11.0.15 on DESKTOP-RRUUPU9 with PID 46832 (started by user1 in D:\김도연\Java\Spring Boot\shop)
[2022-11-17 15:28:14.357] [INFO ] [main] com.shop.repository.ItemRepositoryTest No active profile set, falling back to 1 default profile: "default"
[2022-11-17 15:28:14.939] [INFO ] [main] org.springframework.data.repository.config.RepositoryConfigurationDelegate Bootstrapping Spring Data JPA repositories in DEFAULT mode.
[2022-11-17 15:28:14.984] [INFO ] [main] org.springframework.data.repository.config.RepositoryConfigurationDelegate Finished Spring Data repository scanning in 36 ms. Found 1 JPA repository interfaces.
[2022-11-17 15:28:15.496] [INFO ] [main] org.hibernate.jpa.internal.util.LogHelper HHH000204: Processing PersistenceUnitInfo [name: default]
[2022-11-17 15:28:15.551] [INFO ] [main] org.hibernate.Version HHH000412: Hibernate ORM core version 5.6.12.Final
[2022-11-17 15:28:15.709] [INFO ] [main] org.hibernate.annotations.common.Version HCANN000001: Hibernate Commons Annotations {5.1.2.Final}
[2022-11-17 15:28:15.889] [INFO ] [main] com.zaxxer.hikari.HikariDataSource HikariPool-1 - Starting...
[2022-11-17 15:28:16.215] [INFO ] [main] com.zaxxer.hikari.HikariDataSource HikariPool-1 - Start completed.
[2022-11-17 15:28:16.244] [INFO ] [main] org.hibernate.dialect.Dialect HHH000400: Using dialect: org.hibernate.dialect.MySQL8Dialect
[2022-11-17 15:28:17.137] [INFO ] [main] org.hibernate.engine.transaction.jta.platform.internal.JtaPlatformInitiator HHH000490: Using JtaPlatform implementation: [org.hibernate.engine.transaction.jta.platform.internal.NoJtaPlatform]
[2022-11-17 15:28:17.145] [INFO ] [main] org.springframework.orm.jpa.LocalContainerEntityManagerFactoryBean Initialized JPA EntityManagerFactory for persistence unit 'default'
[2022-11-17 15:28:17.363] [WARN ] [main] org.springframework.boot.autoconfigure.orm.jpa.JpaBaseConfiguration$JpaWebConfiguration spring.jpa.open-in-view is enabled by default. Therefore, database queries may be performed during view rendering. Explicitly configure spring.jpa.open-in-view to disable this warning
[2022-11-17 15:28:17.746] [WARN ] [main] org.springframework.boot.autoconfigure.thymeleaf.ThymeleafAutoConfiguration$DefaultTemplateResolverConfiguration Cannot find template location: classpath:/templates/ (please add some templates, check your Thymeleaf configuration, or set spring.thymeleaf.check-template-location=false)
[2022-11-17 15:28:18.214] [INFO ] [main] com.shop.repository.ItemRepositoryTest Started ItemRepositoryTest in 4.292 seconds (JVM running for 5.362)
[2022-11-17 15:28:19.989] [INFO ] [SpringApplicationShutdownHook] org.springframework.orm.jpa.LocalContainerEntityManagerFactoryBean Closing JPA EntityManagerFactory for persistence unit 'default'
[2022-11-17 15:28:19.992] [INFO ] [SpringApplicationShutdownHook] com.zaxxer.hikari.HikariDataSource HikariPool-1 - Shutdown initiated...
[2022-11-17 15:28:20.001] [INFO ] [SpringApplicationShutdownHook] com.zaxxer.hikari.HikariDataSource HikariPool-1 - Shutdown completed.
[2022-11-17 15:29:39.312] [INFO ] [main] com.shop.repository.ItemRepositoryTest Starting ItemRepositoryTest using Java 11.0.15 on DESKTOP-RRUUPU9 with PID 46736 (started by user1 in D:\김도연\Java\Spring Boot\shop)
[2022-11-17 15:29:39.314] [INFO ] [main] com.shop.repository.ItemRepositoryTest No active profile set, falling back to 1 default profile: "default"
[2022-11-17 15:29:39.933] [INFO ] [main] org.springframework.data.repository.config.RepositoryConfigurationDelegate Bootstrapping Spring Data JPA repositories in DEFAULT mode.
[2022-11-17 15:29:39.981] [INFO ] [main] org.springframework.data.repository.config.RepositoryConfigurationDelegate Finished Spring Data repository scanning in 40 ms. Found 1 JPA repository interfaces.
[2022-11-17 15:29:40.534] [INFO ] [main] org.hibernate.jpa.internal.util.LogHelper HHH000204: Processing PersistenceUnitInfo [name: default]
[2022-11-17 15:29:40.590] [INFO ] [main] org.hibernate.Version HHH000412: Hibernate ORM core version 5.6.12.Final
[2022-11-17 15:29:40.758] [INFO ] [main] org.hibernate.annotations.common.Version HCANN000001: Hibernate Commons Annotations {5.1.2.Final}
[2022-11-17 15:29:40.939] [INFO ] [main] com.zaxxer.hikari.HikariDataSource HikariPool-1 - Starting...
[2022-11-17 15:29:41.267] [INFO ] [main] com.zaxxer.hikari.HikariDataSource HikariPool-1 - Start completed.
[2022-11-17 15:29:41.296] [INFO ] [main] org.hibernate.dialect.Dialect HHH000400: Using dialect: org.hibernate.dialect.MySQL8Dialect
[2022-11-17 15:29:42.144] [INFO ] [main] org.hibernate.engine.transaction.jta.platform.internal.JtaPlatformInitiator HHH000490: Using JtaPlatform implementation: [org.hibernate.engine.transaction.jta.platform.internal.NoJtaPlatform]
[2022-11-17 15:29:42.152] [INFO ] [main] org.springframework.orm.jpa.LocalContainerEntityManagerFactoryBean Initialized JPA EntityManagerFactory for persistence unit 'default'
[2022-11-17 15:29:42.355] [WARN ] [main] org.springframework.boot.autoconfigure.orm.jpa.JpaBaseConfiguration$JpaWebConfiguration spring.jpa.open-in-view is enabled by default. Therefore, database queries may be performed during view rendering. Explicitly configure spring.jpa.open-in-view to disable this warning
[2022-11-17 15:29:42.718] [WARN ] [main] org.springframework.boot.autoconfigure.thymeleaf.ThymeleafAutoConfiguration$DefaultTemplateResolverConfiguration Cannot find template location: classpath:/templates/ (please add some templates, check your Thymeleaf configuration, or set spring.thymeleaf.check-template-location=false)
[2022-11-17 15:29:43.134] [INFO ] [main] com.shop.repository.ItemRepositoryTest Started ItemRepositoryTest in 4.249 seconds (JVM running for 5.341)
[2022-11-17 15:29:44.869] [INFO ] [SpringApplicationShutdownHook] org.springframework.orm.jpa.LocalContainerEntityManagerFactoryBean Closing JPA EntityManagerFactory for persistence unit 'default'
[2022-11-17 15:29:44.871] [INFO ] [SpringApplicationShutdownHook] com.zaxxer.hikari.HikariDataSource HikariPool-1 - Shutdown initiated...
[2022-11-17 15:29:44.881] [INFO ] [SpringApplicationShutdownHook] com.zaxxer.hikari.HikariDataSource HikariPool-1 - Shutdown completed.
[2022-11-17 15:34:19.708] [INFO ] [main] com.shop.repository.ItemRepositoryTest Starting ItemRepositoryTest using Java 11.0.15 on DESKTOP-RRUUPU9 with PID 42700 (started by user1 in D:\김도연\Java\Spring Boot\shop)
[2022-11-17 15:34:19.709] [INFO ] [main] com.shop.repository.ItemRepositoryTest No active profile set, falling back to 1 default profile: "default"
[2022-11-17 15:34:20.336] [INFO ] [main] org.springframework.data.repository.config.RepositoryConfigurationDelegate Bootstrapping Spring Data JPA repositories in DEFAULT mode.
[2022-11-17 15:34:20.383] [INFO ] [main] org.springframework.data.repository.config.RepositoryConfigurationDelegate Finished Spring Data repository scanning in 38 ms. Found 1 JPA repository interfaces.
[2022-11-17 15:34:20.919] [INFO ] [main] org.hibernate.jpa.internal.util.LogHelper HHH000204: Processing PersistenceUnitInfo [name: default]
[2022-11-17 15:34:20.972] [INFO ] [main] org.hibernate.Version HHH000412: Hibernate ORM core version 5.6.12.Final
[2022-11-17 15:34:21.126] [INFO ] [main] org.hibernate.annotations.common.Version HCANN000001: Hibernate Commons Annotations {5.1.2.Final}
[2022-11-17 15:34:21.314] [INFO ] [main] com.zaxxer.hikari.HikariDataSource HikariPool-1 - Starting...
[2022-11-17 15:34:21.643] [INFO ] [main] com.zaxxer.hikari.HikariDataSource HikariPool-1 - Start completed.
[2022-11-17 15:34:21.672] [INFO ] [main] org.hibernate.dialect.Dialect HHH000400: Using dialect: org.hibernate.dialect.MySQL8Dialect
[2022-11-17 15:34:22.688] [INFO ] [main] org.hibernate.engine.transaction.jta.platform.internal.JtaPlatformInitiator HHH000490: Using JtaPlatform implementation: [org.hibernate.engine.transaction.jta.platform.internal.NoJtaPlatform]
[2022-11-17 15:34:22.695] [INFO ] [main] org.springframework.orm.jpa.LocalContainerEntityManagerFactoryBean Initialized JPA EntityManagerFactory for persistence unit 'default'
[2022-11-17 15:34:22.921] [WARN ] [main] org.springframework.boot.autoconfigure.orm.jpa.JpaBaseConfiguration$JpaWebConfiguration spring.jpa.open-in-view is enabled by default. Therefore, database queries may be performed during view rendering. Explicitly configure spring.jpa.open-in-view to disable this warning
[2022-11-17 15:34:23.318] [WARN ] [main] org.springframework.boot.autoconfigure.thymeleaf.ThymeleafAutoConfiguration$DefaultTemplateResolverConfiguration Cannot find template location: classpath:/templates/ (please add some templates, check your Thymeleaf configuration, or set spring.thymeleaf.check-template-location=false)
[2022-11-17 15:34:23.776] [INFO ] [main] com.shop.repository.ItemRepositoryTest Started ItemRepositoryTest in 4.477 seconds (JVM running for 5.564)
[2022-11-17 15:34:25.496] [WARN ] [main] com.shop.repository.ItemRepositoryTest Item(id=1, itemNm=아메리카노1, price=4500, stockNumberl=100, itemDetail=블랙커피 입니다.1, itemSellStatus=SELL, regTime=2022-11-17T15:34:23.891053, updateTime=2022-11-17T15:34:23.891053)
[2022-11-17 15:34:25.496] [WARN ] [main] com.shop.repository.ItemRepositoryTest Item(id=2, itemNm=아메리카노2, price=4500, stockNumberl=100, itemDetail=블랙커피 입니다.2, itemSellStatus=SELL, regTime=2022-11-17T15:34:24.075573, updateTime=2022-11-17T15:34:24.075573)
[2022-11-17 15:34:25.496] [WARN ] [main] com.shop.repository.ItemRepositoryTest Item(id=3, itemNm=아메리카노3, price=4500, stockNumberl=100, itemDetail=블랙커피 입니다.3, itemSellStatus=SELL, regTime=2022-11-17T15:34:24.254247, updateTime=2022-11-17T15:34:24.254247)
[2022-11-17 15:34:25.496] [WARN ] [main] com.shop.repository.ItemRepositoryTest Item(id=4, itemNm=아메리카노4, price=4500, stockNumberl=100, itemDetail=블랙커피 입니다.4, itemSellStatus=SELL, regTime=2022-11-17T15:34:24.425282, updateTime=2022-11-17T15:34:24.425282)
[2022-11-17 15:34:25.497] [WARN ] [main] com.shop.repository.ItemRepositoryTest Item(id=5, itemNm=아메리카노5, price=4500, stockNumberl=100, itemDetail=블랙커피 입니다.5, itemSellStatus=SELL, regTime=2022-11-17T15:34:24.564251, updateTime=2022-11-17T15:34:24.564251)
[2022-11-17 15:34:25.497] [WARN ] [main] com.shop.repository.ItemRepositoryTest Item(id=6, itemNm=아메리카노6, price=4500, stockNumberl=100, itemDetail=블랙커피 입니다.6, itemSellStatus=SELL, regTime=2022-11-17T15:34:24.691316, updateTime=2022-11-17T15:34:24.691316)
[2022-11-17 15:34:25.497] [WARN ] [main] com.shop.repository.ItemRepositoryTest Item(id=7, itemNm=아메리카노7, price=4500, stockNumberl=100, itemDetail=블랙커피 입니다.7, itemSellStatus=SELL, regTime=2022-11-17T15:34:24.823634, updateTime=2022-11-17T15:34:24.823634)
[2022-11-17 15:34:25.497] [WARN ] [main] com.shop.repository.ItemRepositoryTest Item(id=8, itemNm=아메리카노8, price=4500, stockNumberl=100, itemDetail=블랙커피 입니다.8, itemSellStatus=SELL, regTime=2022-11-17T15:34:25.040606, updateTime=2022-11-17T15:34:25.040606)
[2022-11-17 15:34:25.497] [WARN ] [main] com.shop.repository.ItemRepositoryTest Item(id=9, itemNm=아메리카노9, price=4500, stockNumberl=100, itemDetail=블랙커피 입니다.9, itemSellStatus=SELL, regTime=2022-11-17T15:34:25.266435, updateTime=2022-11-17T15:34:25.266435)
[2022-11-17 15:34:25.497] [WARN ] [main] com.shop.repository.ItemRepositoryTest Item(id=10, itemNm=아메리카노10, price=4500, stockNumberl=100, itemDetail=블랙커피 입니다.10, itemSellStatus=SELL, regTime=2022-11-17T15:34:25.320460, updateTime=2022-11-17T15:34:25.320460)
[2022-11-17 15:34:25.513] [INFO ] [SpringApplicationShutdownHook] org.springframework.orm.jpa.LocalContainerEntityManagerFactoryBean Closing JPA EntityManagerFactory for persistence unit 'default'
[2022-11-17 15:34:25.515] [INFO ] [SpringApplicationShutdownHook] com.zaxxer.hikari.HikariDataSource HikariPool-1 - Shutdown initiated...
[2022-11-17 15:34:25.528] [INFO ] [SpringApplicationShutdownHook] com.zaxxer.hikari.HikariDataSource HikariPool-1 - Shutdown completed.
[2022-11-17 15:35:08.636] [INFO ] [main] com.shop.repository.ItemRepositoryTest Starting ItemRepositoryTest using Java 11.0.15 on DESKTOP-RRUUPU9 with PID 46940 (started by user1 in D:\김도연\Java\Spring Boot\shop)
[2022-11-17 15:35:08.637] [INFO ] [main] com.shop.repository.ItemRepositoryTest No active profile set, falling back to 1 default profile: "default"
[2022-11-17 15:35:09.245] [INFO ] [main] org.springframework.data.repository.config.RepositoryConfigurationDelegate Bootstrapping Spring Data JPA repositories in DEFAULT mode.
[2022-11-17 15:35:09.293] [INFO ] [main] org.springframework.data.repository.config.RepositoryConfigurationDelegate Finished Spring Data repository scanning in 40 ms. Found 1 JPA repository interfaces.
[2022-11-17 15:35:09.898] [INFO ] [main] org.hibernate.jpa.internal.util.LogHelper HHH000204: Processing PersistenceUnitInfo [name: default]
[2022-11-17 15:35:09.944] [INFO ] [main] org.hibernate.Version HHH000412: Hibernate ORM core version 5.6.12.Final
[2022-11-17 15:35:10.101] [INFO ] [main] org.hibernate.annotations.common.Version HCANN000001: Hibernate Commons Annotations {5.1.2.Final}
[2022-11-17 15:35:10.284] [INFO ] [main] com.zaxxer.hikari.HikariDataSource HikariPool-1 - Starting...
[2022-11-17 15:35:10.640] [INFO ] [main] com.zaxxer.hikari.HikariDataSource HikariPool-1 - Start completed.
[2022-11-17 15:35:10.670] [INFO ] [main] org.hibernate.dialect.Dialect HHH000400: Using dialect: org.hibernate.dialect.MySQL8Dialect
[2022-11-17 15:35:12.134] [INFO ] [main] org.hibernate.engine.transaction.jta.platform.internal.JtaPlatformInitiator HHH000490: Using JtaPlatform implementation: [org.hibernate.engine.transaction.jta.platform.internal.NoJtaPlatform]
[2022-11-17 15:35:12.151] [INFO ] [main] org.springframework.orm.jpa.LocalContainerEntityManagerFactoryBean Initialized JPA EntityManagerFactory for persistence unit 'default'
[2022-11-17 15:35:12.369] [WARN ] [main] org.springframework.boot.autoconfigure.orm.jpa.JpaBaseConfiguration$JpaWebConfiguration spring.jpa.open-in-view is enabled by default. Therefore, database queries may be performed during view rendering. Explicitly configure spring.jpa.open-in-view to disable this warning
[2022-11-17 15:35:12.751] [WARN ] [main] org.springframework.boot.autoconfigure.thymeleaf.ThymeleafAutoConfiguration$DefaultTemplateResolverConfiguration Cannot find template location: classpath:/templates/ (please add some templates, check your Thymeleaf configuration, or set spring.thymeleaf.check-template-location=false)
[2022-11-17 15:35:13.179] [INFO ] [main] com.shop.repository.ItemRepositoryTest Started ItemRepositoryTest in 4.952 seconds (JVM running for 5.992)
[2022-11-17 15:35:14.154] [WARN ] [main] com.shop.repository.ItemRepositoryTest Item(id=1, itemNm=아메리카노1, price=4501, stockNumberl=100, itemDetail=블랙커피 입니다.1, itemSellStatus=SELL, regTime=2022-11-17T15:35:13.288835, updateTime=2022-11-17T15:35:13.288835)
[2022-11-17 15:35:14.154] [WARN ] [main] com.shop.repository.ItemRepositoryTest Item(id=2, itemNm=아메리카노2, price=4502, stockNumberl=100, itemDetail=블랙커피 입니다.2, itemSellStatus=SELL, regTime=2022-11-17T15:35:13.579567, updateTime=2022-11-17T15:35:13.579567)
[2022-11-17 15:35:14.154] [WARN ] [main] com.shop.repository.ItemRepositoryTest Item(id=3, itemNm=아메리카노3, price=4503, stockNumberl=100, itemDetail=블랙커피 입니다.3, itemSellStatus=SELL, regTime=2022-11-17T15:35:13.621455, updateTime=2022-11-17T15:35:13.621455)
[2022-11-17 15:35:14.154] [WARN ] [main] com.shop.repository.ItemRepositoryTest Item(id=4, itemNm=아메리카노4, price=4504, stockNumberl=100, itemDetail=블랙커피 입니다.4, itemSellStatus=SELL, regTime=2022-11-17T15:35:13.672977, updateTime=2022-11-17T15:35:13.672977)
[2022-11-17 15:35:14.170] [INFO ] [SpringApplicationShutdownHook] org.springframework.orm.jpa.LocalContainerEntityManagerFactoryBean Closing JPA EntityManagerFactory for persistence unit 'default'
[2022-11-17 15:35:14.172] [INFO ] [SpringApplicationShutdownHook] com.zaxxer.hikari.HikariDataSource HikariPool-1 - Shutdown initiated...
[2022-11-17 15:35:14.182] [INFO ] [SpringApplicationShutdownHook] com.zaxxer.hikari.HikariDataSource HikariPool-1 - Shutdown completed.
[2022-11-17 16:03:48.682] [INFO ] [main] com.shop.repository.ItemRepositoryTest Starting ItemRepositoryTest using Java 11.0.15 on DESKTOP-RRUUPU9 with PID 49740 (started by user1 in D:\김도연\Java\Spring Boot\shop)
[2022-11-17 16:03:48.683] [INFO ] [main] com.shop.repository.ItemRepositoryTest No active profile set, falling back to 1 default profile: "default"
[2022-11-17 16:03:49.270] [INFO ] [main] org.springframework.data.repository.config.RepositoryConfigurationDelegate Bootstrapping Spring Data JPA repositories in DEFAULT mode.
[2022-11-17 16:03:49.310] [INFO ] [main] org.springframework.data.repository.config.RepositoryConfigurationDelegate Finished Spring Data repository scanning in 34 ms. Found 1 JPA repository interfaces.
[2022-11-17 16:03:49.796] [INFO ] [main] org.hibernate.jpa.internal.util.LogHelper HHH000204: Processing PersistenceUnitInfo [name: default]
[2022-11-17 16:03:49.840] [INFO ] [main] org.hibernate.Version HHH000412: Hibernate ORM core version 5.6.12.Final
[2022-11-17 16:03:49.990] [INFO ] [main] org.hibernate.annotations.common.Version HCANN000001: Hibernate Commons Annotations {5.1.2.Final}
[2022-11-17 16:03:50.171] [INFO ] [main] com.zaxxer.hikari.HikariDataSource HikariPool-1 - Starting...
[2022-11-17 16:03:50.493] [INFO ] [main] com.zaxxer.hikari.HikariDataSource HikariPool-1 - Start completed.
[2022-11-17 16:03:50.521] [INFO ] [main] org.hibernate.dialect.Dialect HHH000400: Using dialect: org.hibernate.dialect.MySQL8Dialect
[2022-11-17 16:03:51.324] [INFO ] [main] org.hibernate.engine.transaction.jta.platform.internal.JtaPlatformInitiator HHH000490: Using JtaPlatform implementation: [org.hibernate.engine.transaction.jta.platform.internal.NoJtaPlatform]
[2022-11-17 16:03:51.332] [INFO ] [main] org.springframework.orm.jpa.LocalContainerEntityManagerFactoryBean Initialized JPA EntityManagerFactory for persistence unit 'default'
[2022-11-17 16:03:51.576] [WARN ] [main] org.springframework.boot.autoconfigure.orm.jpa.JpaBaseConfiguration$JpaWebConfiguration spring.jpa.open-in-view is enabled by default. Therefore, database queries may be performed during view rendering. Explicitly configure spring.jpa.open-in-view to disable this warning
[2022-11-17 16:03:51.961] [WARN ] [main] org.springframework.boot.autoconfigure.thymeleaf.ThymeleafAutoConfiguration$DefaultTemplateResolverConfiguration Cannot find template location: classpath:/templates/ (please add some templates, check your Thymeleaf configuration, or set spring.thymeleaf.check-template-location=false)
[2022-11-17 16:03:52.369] [INFO ] [main] com.shop.repository.ItemRepositoryTest Started ItemRepositoryTest in 4.104 seconds (JVM running for 5.179)
[2022-11-17 16:03:53.965] [WARN ] [main] com.shop.repository.ItemRepositoryTest Item(id=1, itemNm=아메리카노1, price=4501, stockNumberl=100, itemDetail=블랙커피 입니다.1, itemSellStatus=SELL, regTime=2022-11-17T16:03:52.469835, updateTime=2022-11-17T16:03:52.469835)
[2022-11-17 16:03:53.965] [WARN ] [main] com.shop.repository.ItemRepositoryTest Item(id=2, itemNm=아메리카노2, price=4502, stockNumberl=100, itemDetail=블랙커피 입니다.2, itemSellStatus=SELL, regTime=2022-11-17T16:03:52.688596, updateTime=2022-11-17T16:03:52.688596)
[2022-11-17 16:03:53.965] [WARN ] [main] com.shop.repository.ItemRepositoryTest Item(id=3, itemNm=아메리카노3, price=4503, stockNumberl=100, itemDetail=블랙커피 입니다.3, itemSellStatus=SELL, regTime=2022-11-17T16:03:52.830501, updateTime=2022-11-17T16:03:52.830501)
[2022-11-17 16:03:53.965] [WARN ] [main] com.shop.repository.ItemRepositoryTest Item(id=4, itemNm=아메리카노4, price=4504, stockNumberl=100, itemDetail=블랙커피 입니다.4, itemSellStatus=SELL, regTime=2022-11-17T16:03:53.026006, updateTime=2022-11-17T16:03:53.026006)
[2022-11-17 16:03:53.965] [WARN ] [main] com.shop.repository.ItemRepositoryTest Item(id=5, itemNm=아메리카노5, price=4505, stockNumberl=100, itemDetail=블랙커피 입니다.5, itemSellStatus=SELL, regTime=2022-11-17T16:03:53.106763, updateTime=2022-11-17T16:03:53.106763)
[2022-11-17 16:03:53.965] [WARN ] [main] com.shop.repository.ItemRepositoryTest Item(id=6, itemNm=아메리카노6, price=4506, stockNumberl=100, itemDetail=블랙커피 입니다.6, itemSellStatus=SELL, regTime=2022-11-17T16:03:53.338144, updateTime=2022-11-17T16:03:53.338144)
[2022-11-17 16:03:53.965] [WARN ] [main] com.shop.repository.ItemRepositoryTest Item(id=7, itemNm=아메리카노7, price=4507, stockNumberl=100, itemDetail=블랙커피 입니다.7, itemSellStatus=SELL, regTime=2022-11-17T16:03:53.513676, updateTime=2022-11-17T16:03:53.513676)
[2022-11-17 16:03:53.965] [WARN ] [main] com.shop.repository.ItemRepositoryTest Item(id=8, itemNm=아메리카노8, price=4508, stockNumberl=100, itemDetail=블랙커피 입니다.8, itemSellStatus=SELL, regTime=2022-11-17T16:03:53.663275, updateTime=2022-11-17T16:03:53.663275)
[2022-11-17 16:03:53.965] [WARN ] [main] com.shop.repository.ItemRepositoryTest Item(id=9, itemNm=아메리카노9, price=4509, stockNumberl=100, itemDetail=블랙커피 입니다.9, itemSellStatus=SELL, regTime=2022-11-17T16:03:53.730097, updateTime=2022-11-17T16:03:53.730097)
[2022-11-17 16:03:53.966] [WARN ] [main] com.shop.repository.ItemRepositoryTest Item(id=10, itemNm=아메리카노10, price=4510, stockNumberl=100, itemDetail=블랙커피 입니다.10, itemSellStatus=SELL, regTime=2022-11-17T16:03:53.771985, updateTime=2022-11-17T16:03:53.771985)
[2022-11-17 16:03:53.982] [INFO ] [SpringApplicationShutdownHook] org.springframework.orm.jpa.LocalContainerEntityManagerFactoryBean Closing JPA EntityManagerFactory for persistence unit 'default'
[2022-11-17 16:03:53.984] [INFO ] [SpringApplicationShutdownHook] com.zaxxer.hikari.HikariDataSource HikariPool-1 - Shutdown initiated...
[2022-11-17 16:03:53.994] [INFO ] [SpringApplicationShutdownHook] com.zaxxer.hikari.HikariDataSource HikariPool-1 - Shutdown completed.
[2022-11-17 16:14:36.767] [INFO ] [main] com.shop.repository.ItemRepositoryTest Starting ItemRepositoryTest using Java 11.0.15 on DESKTOP-RRUUPU9 with PID 45268 (started by user1 in D:\김도연\Java\Spring Boot\shop)
[2022-11-17 16:14:36.768] [INFO ] [main] com.shop.repository.ItemRepositoryTest No active profile set, falling back to 1 default profile: "default"
[2022-11-17 16:14:37.282] [INFO ] [main] org.springframework.data.repository.config.RepositoryConfigurationDelegate Bootstrapping Spring Data JPA repositories in DEFAULT mode.
[2022-11-17 16:14:37.324] [INFO ] [main] org.springframework.data.repository.config.RepositoryConfigurationDelegate Finished Spring Data repository scanning in 35 ms. Found 1 JPA repository interfaces.
[2022-11-17 16:14:37.773] [INFO ] [main] org.hibernate.jpa.internal.util.LogHelper HHH000204: Processing PersistenceUnitInfo [name: default]
[2022-11-17 16:14:37.819] [INFO ] [main] org.hibernate.Version HHH000412: Hibernate ORM core version 5.6.12.Final
[2022-11-17 16:14:37.967] [INFO ] [main] org.hibernate.annotations.common.Version HCANN000001: Hibernate Commons Annotations {5.1.2.Final}
[2022-11-17 16:14:38.149] [INFO ] [main] com.zaxxer.hikari.HikariDataSource HikariPool-1 - Starting...
[2022-11-17 16:14:38.459] [INFO ] [main] com.zaxxer.hikari.HikariDataSource HikariPool-1 - Start completed.
[2022-11-17 16:14:38.489] [INFO ] [main] org.hibernate.dialect.Dialect HHH000400: Using dialect: org.hibernate.dialect.MySQL8Dialect
[2022-11-17 16:14:39.315] [INFO ] [main] org.hibernate.engine.transaction.jta.platform.internal.JtaPlatformInitiator HHH000490: Using JtaPlatform implementation: [org.hibernate.engine.transaction.jta.platform.internal.NoJtaPlatform]
[2022-11-17 16:14:39.334] [INFO ] [main] org.springframework.orm.jpa.LocalContainerEntityManagerFactoryBean Initialized JPA EntityManagerFactory for persistence unit 'default'
[2022-11-17 16:14:39.561] [WARN ] [main] org.springframework.boot.autoconfigure.orm.jpa.JpaBaseConfiguration$JpaWebConfiguration spring.jpa.open-in-view is enabled by default. Therefore, database queries may be performed during view rendering. Explicitly configure spring.jpa.open-in-view to disable this warning
[2022-11-17 16:14:39.943] [WARN ] [main] org.springframework.boot.autoconfigure.thymeleaf.ThymeleafAutoConfiguration$DefaultTemplateResolverConfiguration Cannot find template location: classpath:/templates/ (please add some templates, check your Thymeleaf configuration, or set spring.thymeleaf.check-template-location=false)
[2022-11-17 16:14:40.356] [INFO ] [main] com.shop.repository.ItemRepositoryTest Started ItemRepositoryTest in 3.952 seconds (JVM running for 5.017)
[2022-11-17 16:14:41.267] [INFO ] [SpringApplicationShutdownHook] org.springframework.orm.jpa.LocalContainerEntityManagerFactoryBean Closing JPA EntityManagerFactory for persistence unit 'default'
[2022-11-17 16:14:41.269] [INFO ] [SpringApplicationShutdownHook] com.zaxxer.hikari.HikariDataSource HikariPool-1 - Shutdown initiated...
[2022-11-17 16:14:41.283] [INFO ] [SpringApplicationShutdownHook] com.zaxxer.hikari.HikariDataSource HikariPool-1 - Shutdown completed.
[2022-11-17 16:15:15.511] [INFO ] [main] com.shop.repository.ItemRepositoryTest Starting ItemRepositoryTest using Java 11.0.15 on DESKTOP-RRUUPU9 with PID 48408 (started by user1 in D:\김도연\Java\Spring Boot\shop)
[2022-11-17 16:15:15.512] [INFO ] [main] com.shop.repository.ItemRepositoryTest No active profile set, falling back to 1 default profile: "default"
[2022-11-17 16:15:16.075] [INFO ] [main] org.springframework.data.repository.config.RepositoryConfigurationDelegate Bootstrapping Spring Data JPA repositories in DEFAULT mode.
[2022-11-17 16:15:16.119] [INFO ] [main] org.springframework.data.repository.config.RepositoryConfigurationDelegate Finished Spring Data repository scanning in 36 ms. Found 1 JPA repository interfaces.
[2022-11-17 16:15:16.634] [INFO ] [main] org.hibernate.jpa.internal.util.LogHelper HHH000204: Processing PersistenceUnitInfo [name: default]
[2022-11-17 16:15:16.685] [INFO ] [main] org.hibernate.Version HHH000412: Hibernate ORM core version 5.6.12.Final
[2022-11-17 16:15:16.867] [INFO ] [main] org.hibernate.annotations.common.Version HCANN000001: Hibernate Commons Annotations {5.1.2.Final}
[2022-11-17 16:15:17.068] [INFO ] [main] com.zaxxer.hikari.HikariDataSource HikariPool-1 - Starting...
[2022-11-17 16:15:17.409] [INFO ] [main] com.zaxxer.hikari.HikariDataSource HikariPool-1 - Start completed.
[2022-11-17 16:15:17.438] [INFO ] [main] org.hibernate.dialect.Dialect HHH000400: Using dialect: org.hibernate.dialect.MySQL8Dialect
[2022-11-17 16:15:18.246] [INFO ] [main] org.hibernate.engine.transaction.jta.platform.internal.JtaPlatformInitiator HHH000490: Using JtaPlatform implementation: [org.hibernate.engine.transaction.jta.platform.internal.NoJtaPlatform]
[2022-11-17 16:15:18.256] [INFO ] [main] org.springframework.orm.jpa.LocalContainerEntityManagerFactoryBean Initialized JPA EntityManagerFactory for persistence unit 'default'
[2022-11-17 16:15:18.468] [WARN ] [main] org.springframework.boot.autoconfigure.orm.jpa.JpaBaseConfiguration$JpaWebConfiguration spring.jpa.open-in-view is enabled by default. Therefore, database queries may be performed during view rendering. Explicitly configure spring.jpa.open-in-view to disable this warning
[2022-11-17 16:15:18.835] [WARN ] [main] org.springframework.boot.autoconfigure.thymeleaf.ThymeleafAutoConfiguration$DefaultTemplateResolverConfiguration Cannot find template location: classpath:/templates/ (please add some templates, check your Thymeleaf configuration, or set spring.thymeleaf.check-template-location=false)
[2022-11-17 16:15:19.241] [INFO ] [main] com.shop.repository.ItemRepositoryTest Started ItemRepositoryTest in 4.117 seconds (JVM running for 5.163)
[2022-11-17 16:15:19.569] [ERROR] [main] com.shop.repository.ItemRepositoryTest Item(id=1, itemNm=아메리카노1, price=4501, stockNumberl=100, itemDetail=블랙커피 입니다.1, itemSellStatus=SELL, regTime=2022-11-17T16:15:19.349758200, updateTime=2022-11-17T16:15:19.349758200)
[2022-11-17 16:15:19.759] [ERROR] [main] com.shop.repository.ItemRepositoryTest Item(id=2, itemNm=아메리카노2, price=4502, stockNumberl=100, itemDetail=블랙커피 입니다.2, itemSellStatus=SELL, regTime=2022-11-17T16:15:19.569171500, updateTime=2022-11-17T16:15:19.569171500)
[2022-11-17 16:15:19.878] [ERROR] [main] com.shop.repository.ItemRepositoryTest Item(id=3, itemNm=아메리카노3, price=4503, stockNumberl=100, itemDetail=블랙커피 입니다.3, itemSellStatus=SELL, regTime=2022-11-17T16:15:19.759662700, updateTime=2022-11-17T16:15:19.759662700)
[2022-11-17 16:15:20.102] [ERROR] [main] com.shop.repository.ItemRepositoryTest Item(id=4, itemNm=아메리카노4, price=4504, stockNumberl=100, itemDetail=블랙커피 입니다.4, itemSellStatus=SELL, regTime=2022-11-17T16:15:19.878286100, updateTime=2022-11-17T16:15:19.878286100)
[2022-11-17 16:15:20.233] [ERROR] [main] com.shop.repository.ItemRepositoryTest Item(id=5, itemNm=아메리카노5, price=4505, stockNumberl=100, itemDetail=블랙커피 입니다.5, itemSellStatus=SELL, regTime=2022-11-17T16:15:20.102648900, updateTime=2022-11-17T16:15:20.102648900)
[2022-11-17 16:15:20.345] [ERROR] [main] com.shop.repository.ItemRepositoryTest Item(id=6, itemNm=아메리카노6, price=4506, stockNumberl=100, itemDetail=블랙커피 입니다.6, itemSellStatus=SELL, regTime=2022-11-17T16:15:20.234953, updateTime=2022-11-17T16:15:20.234953)
[2022-11-17 16:15:20.435] [ERROR] [main] com.shop.repository.ItemRepositoryTest Item(id=7, itemNm=아메리카노7, price=4507, stockNumberl=100, itemDetail=블랙커피 입니다.7, itemSellStatus=SELL, regTime=2022-11-17T16:15:20.345680, updateTime=2022-11-17T16:15:20.345680)
[2022-11-17 16:15:20.724] [ERROR] [main] com.shop.repository.ItemRepositoryTest Item(id=8, itemNm=아메리카노8, price=4508, stockNumberl=100, itemDetail=블랙커피 입니다.8, itemSellStatus=SELL, regTime=2022-11-17T16:15:20.436972700, updateTime=2022-11-17T16:15:20.436972700)
[2022-11-17 16:15:20.786] [ERROR] [main] com.shop.repository.ItemRepositoryTest Item(id=9, itemNm=아메리카노9, price=4509, stockNumberl=100, itemDetail=블랙커피 입니다.9, itemSellStatus=SELL, regTime=2022-11-17T16:15:20.724753700, updateTime=2022-11-17T16:15:20.724753700)
[2022-11-17 16:15:20.828] [ERROR] [main] com.shop.repository.ItemRepositoryTest Item(id=10, itemNm=아메리카노10, price=4510, stockNumberl=100, itemDetail=블랙커피 입니다.10, itemSellStatus=SELL, regTime=2022-11-17T16:15:20.786510900, updateTime=2022-11-17T16:15:20.786510900)
[2022-11-17 16:15:20.847] [INFO ] [SpringApplicationShutdownHook] org.springframework.orm.jpa.LocalContainerEntityManagerFactoryBean Closing JPA EntityManagerFactory for persistence unit 'default'
[2022-11-17 16:15:20.848] [INFO ] [SpringApplicationShutdownHook] com.zaxxer.hikari.HikariDataSource HikariPool-1 - Shutdown initiated...
[2022-11-17 16:15:20.860] [INFO ] [SpringApplicationShutdownHook] com.zaxxer.hikari.HikariDataSource HikariPool-1 - Shutdown completed.
[2022-11-17 16:16:03.759] [INFO ] [main] com.shop.repository.ItemRepositoryTest Starting ItemRepositoryTest using Java 11.0.15 on DESKTOP-RRUUPU9 with PID 33368 (started by user1 in D:\김도연\Java\Spring Boot\shop)
[2022-11-17 16:16:03.761] [INFO ] [main] com.shop.repository.ItemRepositoryTest No active profile set, falling back to 1 default profile: "default"
[2022-11-17 16:16:04.309] [INFO ] [main] org.springframework.data.repository.config.RepositoryConfigurationDelegate Bootstrapping Spring Data JPA repositories in DEFAULT mode.
[2022-11-17 16:16:04.354] [INFO ] [main] org.springframework.data.repository.config.RepositoryConfigurationDelegate Finished Spring Data repository scanning in 36 ms. Found 1 JPA repository interfaces.
[2022-11-17 16:16:04.887] [INFO ] [main] org.hibernate.jpa.internal.util.LogHelper HHH000204: Processing PersistenceUnitInfo [name: default]
[2022-11-17 16:16:04.935] [INFO ] [main] org.hibernate.Version HHH000412: Hibernate ORM core version 5.6.12.Final
[2022-11-17 16:16:05.090] [INFO ] [main] org.hibernate.annotations.common.Version HCANN000001: Hibernate Commons Annotations {5.1.2.Final}
[2022-11-17 16:16:05.271] [INFO ] [main] com.zaxxer.hikari.HikariDataSource HikariPool-1 - Starting...
[2022-11-17 16:16:05.577] [INFO ] [main] com.zaxxer.hikari.HikariDataSource HikariPool-1 - Start completed.
[2022-11-17 16:16:05.605] [INFO ] [main] org.hibernate.dialect.Dialect HHH000400: Using dialect: org.hibernate.dialect.MySQL8Dialect
[2022-11-17 16:16:06.569] [INFO ] [main] org.hibernate.engine.transaction.jta.platform.internal.JtaPlatformInitiator HHH000490: Using JtaPlatform implementation: [org.hibernate.engine.transaction.jta.platform.internal.NoJtaPlatform]
[2022-11-17 16:16:06.577] [INFO ] [main] org.springframework.orm.jpa.LocalContainerEntityManagerFactoryBean Initialized JPA EntityManagerFactory for persistence unit 'default'
[2022-11-17 16:16:06.789] [WARN ] [main] org.springframework.boot.autoconfigure.orm.jpa.JpaBaseConfiguration$JpaWebConfiguration spring.jpa.open-in-view is enabled by default. Therefore, database queries may be performed during view rendering. Explicitly configure spring.jpa.open-in-view to disable this warning
[2022-11-17 16:16:07.152] [WARN ] [main] org.springframework.boot.autoconfigure.thymeleaf.ThymeleafAutoConfiguration$DefaultTemplateResolverConfiguration Cannot find template location: classpath:/templates/ (please add some templates, check your Thymeleaf configuration, or set spring.thymeleaf.check-template-location=false)
[2022-11-17 16:16:07.560] [INFO ] [main] com.shop.repository.ItemRepositoryTest Started ItemRepositoryTest in 4.215 seconds (JVM running for 5.223)
[2022-11-17 16:16:07.785] [WARN ] [main] com.shop.repository.ItemRepositoryTest Item(id=1, itemNm=아메리카노1, price=4501, stockNumberl=100, itemDetail=블랙커피 입니다.1, itemSellStatus=SELL, regTime=2022-11-17T16:16:07.666727100, updateTime=2022-11-17T16:16:07.666727100)
[2022-11-17 16:16:07.832] [WARN ] [main] com.shop.repository.ItemRepositoryTest Item(id=2, itemNm=아메리카노2, price=4502, stockNumberl=100, itemDetail=블랙커피 입니다.2, itemSellStatus=SELL, regTime=2022-11-17T16:16:07.785433200, updateTime=2022-11-17T16:16:07.785433200)
[2022-11-17 16:16:07.875] [WARN ] [main] com.shop.repository.ItemRepositoryTest Item(id=3, itemNm=아메리카노3, price=4503, stockNumberl=100, itemDetail=블랙커피 입니다.3, itemSellStatus=SELL, regTime=2022-11-17T16:16:07.832281300, updateTime=2022-11-17T16:16:07.832281300)
[2022-11-17 16:16:07.934] [WARN ] [main] com.shop.repository.ItemRepositoryTest Item(id=4, itemNm=아메리카노4, price=4504, stockNumberl=100, itemDetail=블랙커피 입니다.4, itemSellStatus=SELL, regTime=2022-11-17T16:16:07.876052100, updateTime=2022-11-17T16:16:07.876052100)
[2022-11-17 16:16:08.002] [WARN ] [main] com.shop.repository.ItemRepositoryTest Item(id=5, itemNm=아메리카노5, price=4505, stockNumberl=100, itemDetail=블랙커피 입니다.5, itemSellStatus=SELL, regTime=2022-11-17T16:16:07.935183900, updateTime=2022-11-17T16:16:07.935183900)
[2022-11-17 16:16:08.062] [WARN ] [main] com.shop.repository.ItemRepositoryTest Item(id=6, itemNm=아메리카노6, price=4506, stockNumberl=100, itemDetail=블랙커피 입니다.6, itemSellStatus=SELL, regTime=2022-11-17T16:16:08.002971500, updateTime=2022-11-17T16:16:08.002971500)
[2022-11-17 16:16:08.111] [WARN ] [main] com.shop.repository.ItemRepositoryTest Item(id=7, itemNm=아메리카노7, price=4507, stockNumberl=100, itemDetail=블랙커피 입니다.7, itemSellStatus=SELL, regTime=2022-11-17T16:16:08.062022500, updateTime=2022-11-17T16:16:08.062022500)
[2022-11-17 16:16:08.151] [WARN ] [main] com.shop.repository.ItemRepositoryTest Item(id=8, itemNm=아메리카노8, price=4508, stockNumberl=100, itemDetail=블랙커피 입니다.8, itemSellStatus=SELL, regTime=2022-11-17T16:16:08.111132100, updateTime=2022-11-17T16:16:08.111132100)
[2022-11-17 16:16:08.193] [WARN ] [main] com.shop.repository.ItemRepositoryTest Item(id=9, itemNm=아메리카노9, price=4509, stockNumberl=100, itemDetail=블랙커피 입니다.9, itemSellStatus=SELL, regTime=2022-11-17T16:16:08.151730100, updateTime=2022-11-17T16:16:08.151730100)
[2022-11-17 16:16:08.235] [WARN ] [main] com.shop.repository.ItemRepositoryTest Item(id=10, itemNm=아메리카노10, price=4510, stockNumberl=100, itemDetail=블랙커피 입니다.10, itemSellStatus=SELL, regTime=2022-11-17T16:16:08.193469300, updateTime=2022-11-17T16:16:08.193469300)
[2022-11-17 16:16:08.251] [INFO ] [SpringApplicationShutdownHook] org.springframework.orm.jpa.LocalContainerEntityManagerFactoryBean Closing JPA EntityManagerFactory for persistence unit 'default'
[2022-11-17 16:16:08.253] [INFO ] [SpringApplicationShutdownHook] com.zaxxer.hikari.HikariDataSource HikariPool-1 - Shutdown initiated...
[2022-11-17 16:16:08.263] [INFO ] [SpringApplicationShutdownHook] com.zaxxer.hikari.HikariDataSource HikariPool-1 - Shutdown completed.
